<?xml version="1.0" encoding="utf-8"?><testsuites name="pytest tests"><testsuite name="pytest" errors="0" failures="0" skipped="0" tests="15" time="1.975" timestamp="2026-05-23T08:55:53.098653+00:00" hostname="agent-env-0a0cd5f9-49cc-48bc-bd61-eaf323b3c884"><testcase classname="backend.tests.backend_test.TestRoot" name="test_root_welcome" time="0.329" /><testcase classname="backend.tests.backend_test.TestCollections" name="test_list_collections" time="0.298" /><testcase classname="backend.tests.backend_test.TestCollections" name="test_get_temple_collection" time="0.096" /><testcase classname="backend.tests.backend_test.TestCollections" name="test_other_collections[emerald]" time="0.085" /><testcase classname="backend.tests.backend_test.TestCollections" name="test_other_collections[bridal]" time="0.118" /><testcase classname="backend.tests.backend_test.TestCollections" name="test_other_collections[pearls]" time="0.086" /><testcase classname="backend.tests.backend_test.TestCollections" name="test_other_collections[modern]" time="0.113" /><testcase classname="backend.tests.backend_test.TestCollections" name="test_nonexistent_collection_404" time="0.084" /><testcase classname="backend.tests.backend_test.TestLeads" name="test_consultation_lead" time="0.096" /><testcase classname="backend.tests.backend_test.TestLeads" name="test_reservation_lead" time="0.107" /><testcase classname="backend.tests.backend_test.TestLeads" name="test_concierge_lead" time="0.096" /><testcase classname="backend.tests.backend_test.TestLeads" name="test_consultation_validation_missing_phone" time="0.076" /><testcase classname="backend.tests.backend_test.TestLeads" name="test_list_leads_all" time="0.087" /><testcase classname="backend.tests.backend_test.TestLeads" name="test_list_leads_filter_consultation" time="0.099" /><testcase classname="backend.tests.backend_test.TestLeads" name="test_list_leads_filter_reservation" time="0.082" /></testsuite></testsuites>